# JRE version: OpenJDK Runtime Environment Corretto-11.0.14.10.1 (11.0.14.1+10) (build 11.0.14.1+10-LTS)
# Java VM: OpenJDK 64-Bit Server VM Corretto-11.0.14.10.1 (11.0.14.1+10-LTS, mixed mode, tiered, compressed oops, g1 gc, windows-amd64)
Heap:
 garbage-first heap   total 262144K, used 116875K [0x00000000e0000000, 0x0000000100000000)
  region size 1024K, 85 young (87040K), 2 survivors (2048K)
 Metaspace       used 30966K, capacity 31854K, committed 32048K, reserved 286720K
  class space    used 4114K, capacity 4431K, committed 4480K, reserved 253952K
GC Heap History (6 events):
Event: 1.214 GC heap before
{Heap before GC invocations=0 (full 0):
 garbage-first heap   total 262144K, used 29696K [0x00000000e0000000, 0x0000000100000000)
  region size 1024K, 24 young (24576K), 0 survivors (0K)
 Metaspace       used 10038K, capacity 10270K, committed 10368K, reserved 264192K
  class space    used 1013K, capacity 1104K, committed 1152K, reserved 253952K
}
Event: 1.235 GC heap after
{Heap after GC invocations=1 (full 0):
 garbage-first heap   total 262144K, used 9711K [0x00000000e0000000, 0x0000000100000000)
  region size 1024K, 3 young (3072K), 3 survivors (3072K)
 Metaspace       used 10038K, capacity 10270K, committed 10368K, reserved 264192K
  class space    used 1013K, capacity 1104K, committed 1152K, reserved 253952K
}
Event: 9.858 GC heap before
{Heap before GC invocations=1 (full 0):
 garbage-first heap   total 262144K, used 101871K [0x00000000e0000000, 0x0000000100000000)
  region size 1024K, 93 young (95232K), 3 survivors (3072K)
 Metaspace       used 20687K, capacity 21131K, committed 21296K, reserved 274432K
  class space    used 2478K, capacity 2633K, committed 2688K, reserved 253952K
}
Event: 9.871 GC heap after
{Heap after GC invocations=2 (full 0):
 garbage-first heap   total 262144K, used 17256K [0x00000000e0000000, 0x0000000100000000)
  region size 1024K, 11 young (11264K), 11 survivors (11264K)
 Metaspace       used 20687K, capacity 21131K, committed 21296K, reserved 274432K
  class space    used 2478K, capacity 2633K, committed 2688K, reserved 253952K
}
Event: 10.328 GC heap before
{Heap before GC invocations=3 (full 0):
 garbage-first heap   total 262144K, used 42856K [0x00000000e0000000, 0x0000000100000000)
  region size 1024K, 36 young (36864K), 11 survivors (11264K)
 Metaspace       used 22876K, capacity 23446K, committed 23728K, reserved 276480K
  class space    used 2868K, capacity 3048K, committed 3072K, reserved 253952K
}
Event: 10.335 GC heap after
{Heap after GC invocations=4 (full 0):
 garbage-first heap   total 262144K, used 18571K [0x00000000e0000000, 0x0000000100000000)
  region size 1024K, 2 young (2048K), 2 survivors (2048K)
 Metaspace       used 22876K, capacity 23446K, committed 23728K, reserved 276480K
  class space    used 2868K, capacity 3048K, committed 3072K, reserved 253952K
}

