# JRE version: OpenJDK Runtime Environment Corretto-11.0.14.10.1 (11.0.14.1+10) (build 11.0.14.1+10-LTS)
# Java VM: OpenJDK 64-Bit Server VM Corretto-11.0.14.10.1 (11.0.14.1+10-LTS, mixed mode, tiered, compressed oops, g1 gc, windows-amd64)
Heap:
 garbage-first heap   total 262144K, used 61864K [0x00000000e0000000, 0x0000000100000000)
  region size 1024K, 30 young (30720K), 6 survivors (6144K)
 Metaspace       used 29621K, capacity 30506K, committed 30768K, reserved 280576K
  class space    used 3909K, capacity 4214K, committed 4224K, reserved 253952K
GC Heap History (10 events):
Event: 1.499 GC heap before
{Heap before GC invocations=0 (full 0):
 garbage-first heap   total 262144K, used 29696K [0x00000000e0000000, 0x0000000100000000)
  region size 1024K, 24 young (24576K), 0 survivors (0K)
 Metaspace       used 10040K, capacity 10267K, committed 10368K, reserved 264192K
  class space    used 1012K, capacity 1103K, committed 1152K, reserved 253952K
}
Event: 1.509 GC heap after
{Heap after GC invocations=1 (full 0):
 garbage-first heap   total 262144K, used 9557K [0x00000000e0000000, 0x0000000100000000)
  region size 1024K, 3 young (3072K), 3 survivors (3072K)
 Metaspace       used 10040K, capacity 10267K, committed 10368K, reserved 264192K
  class space    used 1012K, capacity 1103K, committed 1152K, reserved 253952K
}
Event: 2.268 GC heap before
{Heap before GC invocations=1 (full 0):
 garbage-first heap   total 262144K, used 34133K [0x00000000e0000000, 0x0000000100000000)
  region size 1024K, 27 young (27648K), 3 survivors (3072K)
 Metaspace       used 11222K, capacity 11515K, committed 11776K, reserved 266240K
  class space    used 1146K, capacity 1242K, committed 1280K, reserved 253952K
}
Event: 2.272 GC heap after
{Heap after GC invocations=2 (full 0):
 garbage-first heap   total 262144K, used 10177K [0x00000000e0000000, 0x0000000100000000)
  region size 1024K, 1 young (1024K), 1 survivors (1024K)
 Metaspace       used 11222K, capacity 11515K, committed 11776K, reserved 266240K
  class space    used 1146K, capacity 1242K, committed 1280K, reserved 253952K
}
Event: 10.222 GC heap before
{Heap before GC invocations=2 (full 0):
 garbage-first heap   total 262144K, used 77761K [0x00000000e0000000, 0x0000000100000000)
  region size 1024K, 66 young (67584K), 1 survivors (1024K)
 Metaspace       used 20615K, capacity 21131K, committed 21296K, reserved 274432K
  class space    used 2467K, capacity 2633K, committed 2688K, reserved 253952K
}
Event: 10.229 GC heap after
{Heap after GC invocations=3 (full 0):
 garbage-first heap   total 262144K, used 17442K [0x00000000e0000000, 0x0000000100000000)
  region size 1024K, 8 young (8192K), 8 survivors (8192K)
 Metaspace       used 20615K, capacity 21131K, committed 21296K, reserved 274432K
  class space    used 2467K, capacity 2633K, committed 2688K, reserved 253952K
}
Event: 10.237 GC heap before
{Heap before GC invocations=3 (full 0):
 garbage-first heap   total 262144K, used 17442K [0x00000000e0000000, 0x0000000100000000)
  region size 1024K, 9 young (9216K), 8 survivors (8192K)
 Metaspace       used 20681K, capacity 21131K, committed 21296K, reserved 274432K
  class space    used 2477K, capacity 2633K, committed 2688K, reserved 253952K
}
Event: 10.242 GC heap after
{Heap after GC invocations=4 (full 0):
 garbage-first heap   total 262144K, used 17619K [0x00000000e0000000, 0x0000000100000000)
  region size 1024K, 1 young (1024K), 1 survivors (1024K)
 Metaspace       used 20681K, capacity 21131K, committed 21296K, reserved 274432K
  class space    used 2477K, capacity 2633K, committed 2688K, reserved 253952K
}
Event: 12.779 GC heap before
{Heap before GC invocations=5 (full 0):
 garbage-first heap   total 262144K, used 106707K [0x00000000e0000000, 0x0000000100000000)
  region size 1024K, 73 young (74752K), 1 survivors (1024K)
 Metaspace       used 27798K, capacity 28725K, committed 28976K, reserved 280576K
  class space    used 3643K, capacity 3960K, committed 3968K, reserved 253952K
}
Event: 12.783 GC heap after
{Heap after GC invocations=6 (full 0):
 garbage-first heap   total 262144K, used 38312K [0x00000000e0000000, 0x0000000100000000)
  region size 1024K, 6 young (6144K), 6 survivors (6144K)
 Metaspace       used 27798K, capacity 28725K, committed 28976K, reserved 280576K
  class space    used 3643K, capacity 3960K, committed 3968K, reserved 253952K
}

